<?xml version="1.0" encoding="UTF-8"?>
<testsuites>
  <testsuite name="" tests="32" assertions="48" errors="2" warnings="0" failures="0" skipped="0" time="0.213711">
    <testsuite name="default" tests="32" assertions="48" errors="2" warnings="0" failures="0" skipped="0" time="0.213711">
      <testsuite name="Alxvng\QATracker\Tests\Chart\ChartGeneratorTest" file="/var/www/qa-tracker/tests/Chart/ChartGeneratorTest.php" tests="1" assertions="1" errors="0" warnings="0" failures="0" skipped="0" time="0.012998">
        <testcase name="testGenerate" class="Alxvng\QATracker\Tests\Chart\ChartGeneratorTest" classname="Alxvng.QATracker.Tests.Chart.ChartGeneratorTest" file="/var/www/qa-tracker/tests/Chart/ChartGeneratorTest.php" line="10" assertions="1" time="0.012998"/>
      </testsuite>
      <testsuite name="Alxvng\QATracker\Tests\Chart\ChartTest" file="/var/www/qa-tracker/tests/Chart/ChartTest.php" tests="3" assertions="4" errors="0" warnings="0" failures="0" skipped="0" time="0.006102">
        <testcase name="testConstructException" class="Alxvng\QATracker\Tests\Chart\ChartTest" classname="Alxvng.QATracker.Tests.Chart.ChartTest" file="/var/www/qa-tracker/tests/Chart/ChartTest.php" line="13" assertions="1" time="0.001345"/>
        <testcase name="testConstruct" class="Alxvng\QATracker\Tests\Chart\ChartTest" classname="Alxvng.QATracker.Tests.Chart.ChartTest" file="/var/www/qa-tracker/tests/Chart/ChartTest.php" line="26" assertions="2" time="0.001634"/>
        <testcase name="testGetFirstProvider" class="Alxvng\QATracker\Tests\Chart\ChartTest" classname="Alxvng.QATracker.Tests.Chart.ChartTest" file="/var/www/qa-tracker/tests/Chart/ChartTest.php" line="50" assertions="1" time="0.003123"/>
      </testsuite>
      <testsuite name="Alxvng\QATracker\Tests\Command\TrackCommandTest" file="/var/www/qa-tracker/tests/Command/TrackCommandTest.php" tests="2" assertions="0" errors="2" warnings="0" failures="0" skipped="0" time="0.001784">
        <testcase name="testExecuteNoConfigFile" class="Alxvng\QATracker\Tests\Command\TrackCommandTest" classname="Alxvng.QATracker.Tests.Command.TrackCommandTest" file="/var/www/qa-tracker/tests/Command/TrackCommandTest.php" line="17" assertions="0" time="0.000870">
          <error type="PHPUnit\Framework\RiskyTestError">Risky Test
</error>
        </testcase>
        <testcase name="testExecuteWithConfigFile" class="Alxvng\QATracker\Tests\Command\TrackCommandTest" classname="Alxvng.QATracker.Tests.Command.TrackCommandTest" file="/var/www/qa-tracker/tests/Command/TrackCommandTest.php" line="29" assertions="0" time="0.000914">
          <error type="PHPUnit\Framework\RiskyTestError">Risky Test
</error>
        </testcase>
      </testsuite>
      <testsuite name="Alxvng\QATracker\Tests\Configuration\ConfigurationTest" file="/var/www/qa-tracker/tests/Configuration/ConfigurationTest.php" tests="9" assertions="16" errors="0" warnings="0" failures="0" skipped="0" time="0.102568">
        <testcase name="testExampleConfigPath" class="Alxvng\QATracker\Tests\Configuration\ConfigurationTest" classname="Alxvng.QATracker.Tests.Configuration.ConfigurationTest" file="/var/www/qa-tracker/tests/Configuration/ConfigurationTest.php" line="12" assertions="2" time="0.001302"/>
        <testsuite name="Alxvng\QATracker\Tests\Configuration\ConfigurationTest::testLoadWithException" tests="7" assertions="7" errors="0" warnings="0" failures="0" skipped="0" time="0.029077">
          <testcase name="testLoadWithException with data set #0" class="Alxvng\QATracker\Tests\Configuration\ConfigurationTest" classname="Alxvng.QATracker.Tests.Configuration.ConfigurationTest" file="/var/www/qa-tracker/tests/Configuration/ConfigurationTest.php" line="24" assertions="1" time="0.001557"/>
          <testcase name="testLoadWithException with data set #1" class="Alxvng\QATracker\Tests\Configuration\ConfigurationTest" classname="Alxvng.QATracker.Tests.Configuration.ConfigurationTest" file="/var/www/qa-tracker/tests/Configuration/ConfigurationTest.php" line="24" assertions="1" time="0.004301"/>
          <testcase name="testLoadWithException with data set #2" class="Alxvng\QATracker\Tests\Configuration\ConfigurationTest" classname="Alxvng.QATracker.Tests.Configuration.ConfigurationTest" file="/var/www/qa-tracker/tests/Configuration/ConfigurationTest.php" line="24" assertions="1" time="0.003321"/>
          <testcase name="testLoadWithException with data set #3" class="Alxvng\QATracker\Tests\Configuration\ConfigurationTest" classname="Alxvng.QATracker.Tests.Configuration.ConfigurationTest" file="/var/www/qa-tracker/tests/Configuration/ConfigurationTest.php" line="24" assertions="1" time="0.002938"/>
          <testcase name="testLoadWithException with data set #4" class="Alxvng\QATracker\Tests\Configuration\ConfigurationTest" classname="Alxvng.QATracker.Tests.Configuration.ConfigurationTest" file="/var/www/qa-tracker/tests/Configuration/ConfigurationTest.php" line="24" assertions="1" time="0.003304"/>
          <testcase name="testLoadWithException with data set #5" class="Alxvng\QATracker\Tests\Configuration\ConfigurationTest" classname="Alxvng.QATracker.Tests.Configuration.ConfigurationTest" file="/var/www/qa-tracker/tests/Configuration/ConfigurationTest.php" line="24" assertions="1" time="0.006748"/>
          <testcase name="testLoadWithException with data set #6" class="Alxvng\QATracker\Tests\Configuration\ConfigurationTest" classname="Alxvng.QATracker.Tests.Configuration.ConfigurationTest" file="/var/www/qa-tracker/tests/Configuration/ConfigurationTest.php" line="24" assertions="1" time="0.006907"/>
        </testsuite>
        <testsuite name="Alxvng\QATracker\Tests\Configuration\ConfigurationTest::testLoad" tests="1" assertions="7" errors="0" warnings="0" failures="0" skipped="0" time="0.072189">
          <testcase name="testLoad with data set #0" class="Alxvng\QATracker\Tests\Configuration\ConfigurationTest" classname="Alxvng.QATracker.Tests.Configuration.ConfigurationTest" file="/var/www/qa-tracker/tests/Configuration/ConfigurationTest.php" line="35" assertions="7" time="0.072189"/>
        </testsuite>
      </testsuite>
      <testsuite name="Alxvng\QATracker\Tests\DataProvider\Finder\ProviderFinderTest" file="/var/www/qa-tracker/tests/DataProvider/Finder/ProviderFinderTest.php" tests="2" assertions="2" errors="0" warnings="0" failures="0" skipped="0" time="0.006554">
        <testcase name="testFindById" class="Alxvng\QATracker\Tests\DataProvider\Finder\ProviderFinderTest" classname="Alxvng.QATracker.Tests.DataProvider.Finder.ProviderFinderTest" file="/var/www/qa-tracker/tests/DataProvider/Finder/ProviderFinderTest.php" line="12" assertions="1" time="0.003384"/>
        <testcase name="testFindByIdException" class="Alxvng\QATracker\Tests\DataProvider\Finder\ProviderFinderTest" classname="Alxvng.QATracker.Tests.DataProvider.Finder.ProviderFinderTest" file="/var/www/qa-tracker/tests/DataProvider/Finder/ProviderFinderTest.php" line="25" assertions="1" time="0.003169"/>
      </testsuite>
      <testsuite name="Alxvng\QATracker\Tests\DataProvider\JsonPathAverageProviderTest" file="/var/www/qa-tracker/tests/DataProvider/JsonPathAverageProviderTest.php" tests="1" assertions="2" errors="0" warnings="0" failures="0" skipped="0" time="0.013310">
        <testcase name="testFetchData" class="Alxvng\QATracker\Tests\DataProvider\JsonPathAverageProviderTest" classname="Alxvng.QATracker.Tests.DataProvider.JsonPathAverageProviderTest" file="/var/www/qa-tracker/tests/DataProvider/JsonPathAverageProviderTest.php" line="10" assertions="2" time="0.013310"/>
      </testsuite>
      <testsuite name="Alxvng\QATracker\Tests\DataProvider\JsonPathCountProviderTest" file="/var/www/qa-tracker/tests/DataProvider/JsonPathCountProviderTest.php" tests="1" assertions="2" errors="0" warnings="0" failures="0" skipped="0" time="0.010463">
        <testcase name="testFetchData" class="Alxvng\QATracker\Tests\DataProvider\JsonPathCountProviderTest" classname="Alxvng.QATracker.Tests.DataProvider.JsonPathCountProviderTest" file="/var/www/qa-tracker/tests/DataProvider/JsonPathCountProviderTest.php" line="10" assertions="2" time="0.010463"/>
      </testsuite>
      <testsuite name="Alxvng\QATracker\Tests\DataProvider\JsonPathProviderTest" file="/var/www/qa-tracker/tests/DataProvider/JsonPathProviderTest.php" tests="1" assertions="2" errors="0" warnings="0" failures="0" skipped="0" time="0.008472">
        <testcase name="testFetchData" class="Alxvng\QATracker\Tests\DataProvider\JsonPathProviderTest" classname="Alxvng.QATracker.Tests.DataProvider.JsonPathProviderTest" file="/var/www/qa-tracker/tests/DataProvider/JsonPathProviderTest.php" line="10" assertions="2" time="0.008472"/>
      </testsuite>
      <testsuite name="Alxvng\QATracker\Tests\DataProvider\JsonPathSumProviderTest" file="/var/www/qa-tracker/tests/DataProvider/JsonPathSumProviderTest.php" tests="1" assertions="2" errors="0" warnings="0" failures="0" skipped="0" time="0.010512">
        <testcase name="testFetchData" class="Alxvng\QATracker\Tests\DataProvider\JsonPathSumProviderTest" classname="Alxvng.QATracker.Tests.DataProvider.JsonPathSumProviderTest" file="/var/www/qa-tracker/tests/DataProvider/JsonPathSumProviderTest.php" line="10" assertions="2" time="0.010512"/>
      </testsuite>
      <testsuite name="Alxvng\QATracker\Tests\DataProvider\Model\DataPercentSerieTest" file="/var/www/qa-tracker/tests/DataProvider/Model/DataPercentSerieTest.php" tests="3" assertions="4" errors="0" warnings="0" failures="0" skipped="0" time="0.020008">
        <testcase name="testCollect" class="Alxvng\QATracker\Tests\DataProvider\Model\DataPercentSerieTest" classname="Alxvng.QATracker.Tests.DataProvider.Model.DataPercentSerieTest" file="/var/www/qa-tracker/tests/DataProvider/Model/DataPercentSerieTest.php" line="16" assertions="2" time="0.009848"/>
        <testcase name="testConstructorPercentException" class="Alxvng\QATracker\Tests\DataProvider\Model\DataPercentSerieTest" classname="Alxvng.QATracker.Tests.DataProvider.Model.DataPercentSerieTest" file="/var/www/qa-tracker/tests/DataProvider/Model/DataPercentSerieTest.php" line="35" assertions="1" time="0.005558"/>
        <testcase name="testConstructorItselfException" class="Alxvng\QATracker\Tests\DataProvider\Model\DataPercentSerieTest" classname="Alxvng.QATracker.Tests.DataProvider.Model.DataPercentSerieTest" file="/var/www/qa-tracker/tests/DataProvider/Model/DataPercentSerieTest.php" line="44" assertions="1" time="0.004602"/>
      </testsuite>
      <testsuite name="Alxvng\QATracker\Tests\DataProvider\Model\DataStandardSerieTest" file="/var/www/qa-tracker/tests/DataProvider/Model/DataStandardSerieTest.php" tests="4" assertions="5" errors="0" warnings="0" failures="0" skipped="0" time="0.009991">
        <testsuite name="Alxvng\QATracker\Tests\DataProvider\Model\DataStandardSerieTest::testGetInstance" tests="3" assertions="3" errors="0" warnings="0" failures="0" skipped="0" time="0.006261">
          <testcase name="testGetInstance with data set #0" class="Alxvng\QATracker\Tests\DataProvider\Model\DataStandardSerieTest" classname="Alxvng.QATracker.Tests.DataProvider.Model.DataStandardSerieTest" file="/var/www/qa-tracker/tests/DataProvider/Model/DataStandardSerieTest.php" line="22" assertions="1" time="0.002286"/>
          <testcase name="testGetInstance with data set #1" class="Alxvng\QATracker\Tests\DataProvider\Model\DataStandardSerieTest" classname="Alxvng.QATracker.Tests.DataProvider.Model.DataStandardSerieTest" file="/var/www/qa-tracker/tests/DataProvider/Model/DataStandardSerieTest.php" line="22" assertions="1" time="0.001308"/>
          <testcase name="testGetInstance with data set #2" class="Alxvng\QATracker\Tests\DataProvider\Model\DataStandardSerieTest" classname="Alxvng.QATracker.Tests.DataProvider.Model.DataStandardSerieTest" file="/var/www/qa-tracker/tests/DataProvider/Model/DataStandardSerieTest.php" line="22" assertions="1" time="0.002666"/>
        </testsuite>
        <testcase name="testCollect" class="Alxvng\QATracker\Tests\DataProvider\Model\DataStandardSerieTest" classname="Alxvng.QATracker.Tests.DataProvider.Model.DataStandardSerieTest" file="/var/www/qa-tracker/tests/DataProvider/Model/DataStandardSerieTest.php" line="58" assertions="2" time="0.003731"/>
      </testsuite>
      <testsuite name="Alxvng\QATracker\Tests\DataProvider\XpathAverageProviderTest" file="/var/www/qa-tracker/tests/DataProvider/XpathAverageProviderTest.php" tests="1" assertions="2" errors="0" warnings="0" failures="0" skipped="0" time="0.002807">
        <testcase name="testFetchData" class="Alxvng\QATracker\Tests\DataProvider\XpathAverageProviderTest" classname="Alxvng.QATracker.Tests.DataProvider.XpathAverageProviderTest" file="/var/www/qa-tracker/tests/DataProvider/XpathAverageProviderTest.php" line="10" assertions="2" time="0.002807"/>
      </testsuite>
      <testsuite name="Alxvng\QATracker\Tests\DataProvider\XpathCountProviderTest" file="/var/www/qa-tracker/tests/DataProvider/XpathCountProviderTest.php" tests="1" assertions="2" errors="0" warnings="0" failures="0" skipped="0" time="0.002653">
        <testcase name="testFetchData" class="Alxvng\QATracker\Tests\DataProvider\XpathCountProviderTest" classname="Alxvng.QATracker.Tests.DataProvider.XpathCountProviderTest" file="/var/www/qa-tracker/tests/DataProvider/XpathCountProviderTest.php" line="10" assertions="2" time="0.002653"/>
      </testsuite>
      <testsuite name="Alxvng\QATracker\Tests\DataProvider\XpathProviderTest" file="/var/www/qa-tracker/tests/DataProvider/XpathProviderTest.php" tests="1" assertions="2" errors="0" warnings="0" failures="0" skipped="0" time="0.002548">
        <testcase name="testFetchData" class="Alxvng\QATracker\Tests\DataProvider\XpathProviderTest" classname="Alxvng.QATracker.Tests.DataProvider.XpathProviderTest" file="/var/www/qa-tracker/tests/DataProvider/XpathProviderTest.php" line="10" assertions="2" time="0.002548"/>
      </testsuite>
      <testsuite name="Alxvng\QATracker\Tests\DataProvider\XpathSumProviderTest" file="/var/www/qa-tracker/tests/DataProvider/XpathSumProviderTest.php" tests="1" assertions="2" errors="0" warnings="0" failures="0" skipped="0" time="0.002941">
        <testcase name="testFetchData" class="Alxvng\QATracker\Tests\DataProvider\XpathSumProviderTest" classname="Alxvng.QATracker.Tests.DataProvider.XpathSumProviderTest" file="/var/www/qa-tracker/tests/DataProvider/XpathSumProviderTest.php" line="10" assertions="2" time="0.002941"/>
      </testsuite>
    </testsuite>
  </testsuite>
</testsuites>
