<?xml version="1.0" encoding="UTF-8"?><testsuite failures="40" name="phpstan" tests="40" xmlns:xsi="http://www.w3.org/2001/XMLSchema-instance" xsi:noNamespaceSchemaLocation="https://raw.githubusercontent.com/junit-team/junit5/r5.5.1/platform-tests/src/test/resources/jenkins-junit.xsd"><testcase name="src/Chart/ChartGenerator.php:16"><failure type="ERROR" message="Method App\Chart\ChartGenerator::generate() has parameter $settings with no value type specified in iterable type array." /></testcase><testcase name="src/Chart/ChartGenerator.php:16"><failure type="ERROR" message="Method App\Chart\ChartGenerator::generate() has parameter $values with no typehint specified." /></testcase><testcase name="src/Chart/ChartGenerator.php:16"><failure type="ERROR" message="PHPDoc tag @param has invalid value ($values): Unexpected token &amp;quot;$values&amp;quot;, expected type at offset 24" /></testcase><testcase name="src/Command/TrackCommand.php:39"><failure type="ERROR" message="Method App\Command\TrackCommand::configure() has no return typehint specified." /></testcase><testcase name="src/Command/TrackCommand.php:60"><failure type="ERROR" message="Method App\Command\TrackCommand::interact() has no return typehint specified." /></testcase><testcase name="src/Command/TrackCommand.php:64"><failure type="ERROR" message="Cannot cast array&amp;lt;string&amp;gt;|bool|string|null to string." /></testcase><testcase name="src/Command/TrackCommand.php:109"><failure type="ERROR" message="Parameter #1 $outputFilePath of method App\Command\TrackCommand::initializeOutputDir() expects string, array&amp;lt;string&amp;gt;|bool|string|null given." /></testcase><testcase name="src/Command/TrackCommand.php:141"><failure type="ERROR" message="Parameter #1 $file of function file_put_contents expects string, array&amp;lt;string&amp;gt;|bool|string|null given." /></testcase><testcase name="src/Command/TrackCommand.php:143"><failure type="ERROR" message="Binary operation &amp;quot;.&amp;quot; between 'Report generated at…' and array&amp;lt;string&amp;gt;|bool|string|null results in an error." /></testcase><testcase name="src/Command/TrackCommand.php:163"><failure type="ERROR" message="PHPDoc tag @param has invalid value ($outputFilePath): Unexpected token &amp;quot;$outputFilePath&amp;quot;, expected type at offset 18" /></testcase><testcase name="src/Command/TrackCommand.php:200"><failure type="ERROR" message="Method App\Command\TrackCommand::getBaseDir() should return string but returns string|false." /></testcase><testcase name="src/Configuration/Configuration.php:41"><failure type="ERROR" message="Method App\Configuration\Configuration::validateSerie() has parameter $serie with no value type specified in iterable type array." /></testcase><testcase name="src/Configuration/Configuration.php:41"><failure type="ERROR" message="PHPDoc tag @param has invalid value ($serie): Unexpected token &amp;quot;$serie&amp;quot;, expected type at offset 18" /></testcase><testcase name="src/DataProvider/AbstractJsonPathReducerProvider.php:19"><failure type="ERROR" message="Parameter #1 $json of function json_decode expects string, string|false given." /></testcase><testcase name="src/DataProvider/AbstractXpathProvider.php:13"><failure type="ERROR" message="Property App\DataProvider\AbstractXpathProvider::$namespaceParameters type has no value type specified in iterable type array." /></testcase><testcase name="src/DataProvider/AbstractXpathProvider.php:21"><failure type="ERROR" message="Method App\DataProvider\AbstractXpathProvider::__construct() has parameter $namespaceParameters with no value type specified in iterable type array." /></testcase><testcase name="src/DataProvider/AbstractXpathReducerProvider.php:15"><failure type="ERROR" message="Parameter #1 $data of class SimpleXMLElement constructor expects string, string|false given." /></testcase><testcase name="src/DataProvider/AbstractXpathReducerProvider.php:19"><failure type="ERROR" message="Parameter #1 $nodes of method App\DataProvider\ReducerProviderInterface::reduceMethod() expects array, array&amp;lt;SimpleXMLElement&amp;gt;|false given." /></testcase><testcase name="src/DataProvider/JsonPathProvider.php:20"><failure type="ERROR" message="Parameter #1 $json of function json_decode expects string, string|false given." /></testcase><testcase name="src/DataProvider/JsonPathProvider.php:25"><failure type="ERROR" message="Parameter #1 $array_arg of function reset expects array, Flow\JSONPath\JSONPath given." /></testcase><testcase name="src/DataProvider/Reducer/AverageReducerTrait.php (in context of class App\DataProvider\JsonPathAverageProvider):13"><failure type="ERROR" message="Method App\DataProvider\JsonPathAverageProvider::reduceMethod() has parameter $nodes with no value type specified in iterable type array." /></testcase><testcase name="src/DataProvider/Reducer/AverageReducerTrait.php (in context of class App\DataProvider\XpathAverageProvider):13"><failure type="ERROR" message="Method App\DataProvider\XpathAverageProvider::reduceMethod() has parameter $nodes with no value type specified in iterable type array." /></testcase><testcase name="src/DataProvider/Reducer/CountReducerTrait.php (in context of class App\DataProvider\JsonPathCountProvider):13"><failure type="ERROR" message="Method App\DataProvider\JsonPathCountProvider::reduceMethod() has parameter $nodes with no value type specified in iterable type array." /></testcase><testcase name="src/DataProvider/Reducer/CountReducerTrait.php (in context of class App\DataProvider\XpathCountProvider):13"><failure type="ERROR" message="Method App\DataProvider\XpathCountProvider::reduceMethod() has parameter $nodes with no value type specified in iterable type array." /></testcase><testcase name="src/DataProvider/Reducer/SumReducerTrait.php (in context of class App\DataProvider\JsonPathSumProvider):13"><failure type="ERROR" message="Method App\DataProvider\JsonPathSumProvider::reduceMethod() has parameter $nodes with no value type specified in iterable type array." /></testcase><testcase name="src/DataProvider/Reducer/SumReducerTrait.php (in context of class App\DataProvider\XpathSumProvider):13"><failure type="ERROR" message="Method App\DataProvider\XpathSumProvider::reduceMethod() has parameter $nodes with no value type specified in iterable type array." /></testcase><testcase name="src/DataProvider/ReducerProviderInterface.php:6"><failure type="ERROR" message="Method App\DataProvider\ReducerProviderInterface::reduceMethod() has parameter $nodes with no value type specified in iterable type array." /></testcase><testcase name="src/DataProvider/XpathProvider.php:19"><failure type="ERROR" message="Parameter #1 $data of class SimpleXMLElement constructor expects string, string|false given." /></testcase><testcase name="src/DataProvider/XpathProvider.php:23"><failure type="ERROR" message="Parameter #1 $array_arg of function reset expects array, array&amp;lt;SimpleXMLElement&amp;gt;|false given." /></testcase><testcase name="src/DataSerie/DataSerie.php:20"><failure type="ERROR" message="Property App\DataSerie\DataSerie::$data type has no value type specified in iterable type array." /></testcase><testcase name="src/DataSerie/DataSerie.php:22"><failure type="ERROR" message="Property App\DataSerie\DataSerie::$arguments type has no value type specified in iterable type array." /></testcase><testcase name="src/DataSerie/DataSerie.php:29"><failure type="ERROR" message="Method App\DataSerie\DataSerie::__construct() has parameter $config with no value type specified in iterable type array." /></testcase><testcase name="src/DataSerie/DataSerie.php:47"><failure type="ERROR" message="Method App\DataSerie\DataSerie::save() has no return typehint specified." /></testcase><testcase name="src/DataSerie/DataSerie.php:60"><failure type="ERROR" message="Method App\DataSerie\DataSerie::load() has no return typehint specified." /></testcase><testcase name="src/DataSerie/DataSerie.php:66"><failure type="ERROR" message="Parameter #1 $json of function json_decode expects string, string|false given." /></testcase><testcase name="src/DataSerie/DataSerie.php:88"><failure type="ERROR" message="Method App\DataSerie\DataSerie::getData() return type has no value type specified in iterable type array." /></testcase><testcase name="src/DataSerie/DataSerie.php:96"><failure type="ERROR" message="Method App\DataSerie\DataSerie::addData() has parameter $value with no typehint specified." /></testcase><testcase name="src/DataSerie/DataSerie.php:96"><failure type="ERROR" message="PHPDoc tag @param has invalid value ($value): Unexpected token &amp;quot;$value&amp;quot;, expected type at offset 18" /></testcase><testcase name="src/Twig/TwigFactory.php:24"><failure type="ERROR" message="Negated boolean expression is always false." /></testcase><testcase name="tests/DataSerie/DataSerieTest.php:16"><failure type="ERROR" message="Method App\Tests\DataSerie\DataSerieTest::testGetSlug() has no return typehint specified." /></testcase></testsuite>